[debug] [2021-08-05T19:42:34.245Z] ----------------------------------------------------------------------
[debug] [2021-08-05T19:42:34.245Z] Command:       E:\ReactJs\node.exe E:\ReactJs\node_modules\firebase-tools\lib\bin\firebase.js emulators:start
[debug] [2021-08-05T19:42:34.245Z] CLI Version:   9.16.0
[debug] [2021-08-05T19:42:34.245Z] Platform:      win32
[debug] [2021-08-05T19:42:34.245Z] Node Version:  v12.16.3
[debug] [2021-08-05T19:42:34.245Z] Time:          Fri Aug 06 2021 01:12:34 GMT+0530 (India Standard Time)
[debug] [2021-08-05T19:42:34.245Z] ----------------------------------------------------------------------
[debug] 
[debug] [2021-08-05T19:42:34.307Z] >>> [apiv2][query] GET https://firebase-public.firebaseio.com/cli.json [none]
[debug] [2021-08-05T19:42:34.589Z] > command requires scopes: ["email","openid","https://www.googleapis.com/auth/cloudplatformprojects.readonly","https://www.googleapis.com/auth/firebase","https://www.googleapis.com/auth/cloud-platform"]
[debug] [2021-08-05T19:42:34.589Z] > authorizing via signed-in user (nhanfried@gmail.com)
[info] i  emulators: Starting emulators: functions {"metadata":{"emulator":{"name":"hub"},"message":"Starting emulators: functions"}}
[debug] [2021-08-05T19:42:35.758Z] <<< [apiv2][status] GET https://firebase-public.firebaseio.com/cli.json 200
[debug] [2021-08-05T19:42:35.758Z] <<< [apiv2][body] GET https://firebase-public.firebaseio.com/cli.json {"cloudBuildErrorAfter":1594252800000,"cloudBuildWarnAfter":1590019200000,"defaultNode10After":1594252800000,"minVersion":"3.0.5","node8DeploysDisabledAfter":1613390400000,"node8RuntimeDisabledAfter":1615809600000,"node8WarnAfter":1600128000000}
[warn] !  emulators: It seems that you are running multiple instances of the emulator suite for project greenout-641e7. This may result in unexpected behavior. 
[debug] [2021-08-05T19:42:36.996Z] [hub] writing locator at C:\Users\nhanf\AppData\Local\Temp\hub-greenout-641e7.json
[warn] !  functions: The following emulators are not running, calls to these services from the Functions emulator will affect production: auth, firestore, database, hosting, pubsub, storage {"metadata":{"emulator":{"name":"functions"},"message":"The following emulators are not running, calls to these services from the Functions emulator will affect production: \u001b[1mauth, firestore, database, hosting, pubsub, storage\u001b[22m"}}
[warn] !  Your requested "node" version "14" doesn't match your global version "12" {"metadata":{"emulator":{"name":"functions"},"message":"Your requested \"node\" version \"14\" doesn't match your global version \"12\""}}
[debug] [2021-08-05T19:42:39.381Z] defaultcredentials: writing to file C:\Users\nhanf\AppData\Roaming\firebase\nhanfried_gmail_com_application_default_credentials.json
[debug] [2021-08-05T19:42:39.381Z] Setting GAC to C:\Users\nhanf\AppData\Roaming\firebase\nhanfried_gmail_com_application_default_credentials.json {"metadata":{"emulator":{"name":"functions"},"message":"Setting GAC to C:\\Users\\nhanf\\AppData\\Roaming\\firebase\\nhanfried_gmail_com_application_default_credentials.json"}}
[debug] [2021-08-05T19:42:39.381Z] > refreshing access token with scopes: []
[debug] [2021-08-05T19:42:39.381Z] >>> HTTP REQUEST POST https://www.googleapis.com/oauth2/v3/token  
 <request body omitted>
[debug] [2021-08-05T19:42:39.631Z] <<< HTTP RESPONSE 200 {"cache-control":"no-cache, no-store, max-age=0, must-revalidate","date":"Thu, 05 Aug 2021 19:42:40 GMT","expires":"Mon, 01 Jan 1990 00:00:00 GMT","pragma":"no-cache","content-type":"application/json; charset=utf-8","vary":"X-Origin, Referer, Origin,Accept-Encoding","server":"scaffolding on HTTPServer2","x-xss-protection":"0","x-frame-options":"SAMEORIGIN","x-content-type-options":"nosniff","alt-svc":"h3=\":443\"; ma=2592000,h3-29=\":443\"; ma=2592000,h3-T051=\":443\"; ma=2592000,h3-Q050=\":443\"; ma=2592000,h3-Q046=\":443\"; ma=2592000,h3-Q043=\":443\"; ma=2592000,quic=\":443\"; ma=2592000; v=\"46,43\"","accept-ranges":"none","transfer-encoding":"chunked"}
[debug] [2021-08-05T19:42:40.038Z] >>> [apiv2][query] GET https://firebase.googleapis.com/v1beta1/projects/greenout-641e7/adminSdkConfig [none]
[debug] [2021-08-05T19:42:40.772Z] <<< [apiv2][status] GET https://firebase.googleapis.com/v1beta1/projects/greenout-641e7/adminSdkConfig 200
[debug] [2021-08-05T19:42:40.772Z] <<< [apiv2][body] GET https://firebase.googleapis.com/v1beta1/projects/greenout-641e7/adminSdkConfig {"projectId":"greenout-641e7","storageBucket":"greenout-641e7.appspot.com","locationId":"us-central"}
[debug] [2021-08-05T19:42:46.224Z] Ignoring unsupported arg: auto_download {"metadata":{"emulator":{"name":"ui"},"message":"Ignoring unsupported arg: auto_download"}}
[debug] [2021-08-05T19:42:46.224Z] Ignoring unsupported arg: port {"metadata":{"emulator":{"name":"ui"},"message":"Ignoring unsupported arg: port"}}
[debug] [2021-08-05T19:42:46.224Z] Starting Emulator UI with command {"binary":"node","args":["C:\\Users\\nhanf\\.cache\\firebase\\emulators\\ui-v1.6.0\\server.bundle.js"],"optionalArgs":[],"joinArgs":false} {"metadata":{"emulator":{"name":"ui"},"message":"Starting Emulator UI with command {\"binary\":\"node\",\"args\":[\"C:\\\\Users\\\\nhanf\\\\.cache\\\\firebase\\\\emulators\\\\ui-v1.6.0\\\\server.bundle.js\"],\"optionalArgs\":[],\"joinArgs\":false}"}}
[info] i  ui: Emulator UI logging to ui-debug.log {"metadata":{"emulator":{"name":"ui"},"message":"Emulator UI logging to \u001b[1mui-debug.log\u001b[22m"}}
[debug] [2021-08-05T19:42:47.757Z] Web / API server started at localhost:4000
 {"metadata":{"emulator":{"name":"ui"},"message":"Web / API server started at localhost:4000\n"}}
[info] i  functions: Watching "C:\Users\nhanf\Desktop\React Projects\greenout\functions" for Cloud Functions... {"metadata":{"emulator":{"name":"functions"},"message":"Watching \"C:\\Users\\nhanf\\Desktop\\React Projects\\greenout\\functions\" for Cloud Functions..."}}
[debug] [2021-08-05T19:42:49.304Z] [worker-pool] addWorker(~diagnostic~) {"metadata":{"emulator":{"name":"functions"},"message":"[worker-pool] addWorker(~diagnostic~)"}}
[debug] [2021-08-05T19:42:49.304Z] [worker-pool] Adding worker with key ~diagnostic~, total=1 {"metadata":{"emulator":{"name":"functions"},"message":"[worker-pool] Adding worker with key ~diagnostic~, total=1"}}
[debug] [2021-08-05T19:42:49.304Z] [worker-pool] submitWork(triggerId=) {"metadata":{"emulator":{"name":"functions"},"message":"[worker-pool] submitWork(triggerId=)"}}
[debug] [2021-08-05T19:42:49.304Z] [worker-~diagnostic~-cb88f7aa-a711-4574-8110-4c26111c2a77]: Assigning socketPath: \\?\pipe\C:\Users\nhanf\Desktop\React Projects\greenout\functions\19112 {"metadata":{"emulator":{"name":"functions"},"message":"[worker-~diagnostic~-cb88f7aa-a711-4574-8110-4c26111c2a77]: Assigning socketPath: \\\\?\\pipe\\C:\\Users\\nhanf\\Desktop\\React Projects\\greenout\\functions\\19112"}}
[debug] [2021-08-05T19:42:49.304Z] [worker-~diagnostic~-cb88f7aa-a711-4574-8110-4c26111c2a77]: BUSY {"metadata":{"emulator":{"name":"functions"},"message":"[worker-~diagnostic~-cb88f7aa-a711-4574-8110-4c26111c2a77]: BUSY"}}
[debug] [2021-08-05T19:42:49.875Z] [runtime-status] [19112] Functions runtime initialized. {"cwd":"C:\\Users\\nhanf\\Desktop\\React Projects\\greenout\\functions","node_version":"12.16.3"} {"metadata":{"emulator":{"name":"functions"},"message":"[runtime-status] [19112] Functions runtime initialized. {\"cwd\":\"C:\\\\Users\\\\nhanf\\\\Desktop\\\\React Projects\\\\greenout\\\\functions\",\"node_version\":\"12.16.3\"}"}}
[debug] [2021-08-05T19:42:49.875Z] [runtime-status] [19112] Disabled runtime features: undefined {"metadata":{"emulator":{"name":"functions"},"message":"[runtime-status] [19112] Disabled runtime features: undefined"}}
[debug] [2021-08-05T19:42:50.290Z] [runtime-status] [19112] Resolved module firebase-admin {"declared":true,"installed":true,"version":"9.11.0","resolution":"C:\\Users\\nhanf\\Desktop\\React Projects\\greenout\\functions\\node_modules\\firebase-admin\\lib\\index.js"} {"metadata":{"emulator":{"name":"functions"},"message":"[runtime-status] [19112] Resolved module firebase-admin {\"declared\":true,\"installed\":true,\"version\":\"9.11.0\",\"resolution\":\"C:\\\\Users\\\\nhanf\\\\Desktop\\\\React Projects\\\\greenout\\\\functions\\\\node_modules\\\\firebase-admin\\\\lib\\\\index.js\"}"}}
[debug] [2021-08-05T19:42:50.555Z] [runtime-status] [19112] Resolved module firebase-functions {"declared":true,"installed":true,"version":"3.14.1","resolution":"C:\\Users\\nhanf\\Desktop\\React Projects\\greenout\\functions\\node_modules\\firebase-functions\\lib\\index.js"} {"metadata":{"emulator":{"name":"functions"},"message":"[runtime-status] [19112] Resolved module firebase-functions {\"declared\":true,\"installed\":true,\"version\":\"3.14.1\",\"resolution\":\"C:\\\\Users\\\\nhanf\\\\Desktop\\\\React Projects\\\\greenout\\\\functions\\\\node_modules\\\\firebase-functions\\\\lib\\\\index.js\"}"}}
[debug] [2021-08-05T19:42:50.555Z] [runtime-status] [19112] Resolved module firebase-functions {"declared":true,"installed":true,"version":"3.14.1","resolution":"C:\\Users\\nhanf\\Desktop\\React Projects\\greenout\\functions\\node_modules\\firebase-functions\\lib\\index.js"} {"metadata":{"emulator":{"name":"functions"},"message":"[runtime-status] [19112] Resolved module firebase-functions {\"declared\":true,\"installed\":true,\"version\":\"3.14.1\",\"resolution\":\"C:\\\\Users\\\\nhanf\\\\Desktop\\\\React Projects\\\\greenout\\\\functions\\\\node_modules\\\\firebase-functions\\\\lib\\\\index.js\"}"}}
[debug] [2021-08-05T19:42:50.555Z] [runtime-status] [19112] Outgoing network have been stubbed. [{"name":"http","status":"mocked"},{"name":"http","status":"mocked"},{"name":"https","status":"mocked"},{"name":"https","status":"mocked"},{"name":"net","status":"mocked"}] {"metadata":{"emulator":{"name":"functions"},"message":"[runtime-status] [19112] Outgoing network have been stubbed. [{\"name\":\"http\",\"status\":\"mocked\"},{\"name\":\"http\",\"status\":\"mocked\"},{\"name\":\"https\",\"status\":\"mocked\"},{\"name\":\"https\",\"status\":\"mocked\"},{\"name\":\"net\",\"status\":\"mocked\"}]"}}
[debug] [2021-08-05T19:42:50.555Z] [runtime-status] [19112] Resolved module firebase-functions {"declared":true,"installed":true,"version":"3.14.1","resolution":"C:\\Users\\nhanf\\Desktop\\React Projects\\greenout\\functions\\node_modules\\firebase-functions\\lib\\index.js"} {"metadata":{"emulator":{"name":"functions"},"message":"[runtime-status] [19112] Resolved module firebase-functions {\"declared\":true,\"installed\":true,\"version\":\"3.14.1\",\"resolution\":\"C:\\\\Users\\\\nhanf\\\\Desktop\\\\React Projects\\\\greenout\\\\functions\\\\node_modules\\\\firebase-functions\\\\lib\\\\index.js\"}"}}
[debug] [2021-08-05T19:42:54.672Z] [runtime-status] [19112] Checked functions.config() {"config":{}} {"metadata":{"emulator":{"name":"functions"},"message":"[runtime-status] [19112] Checked functions.config() {\"config\":{}}"}}
[debug] [2021-08-05T19:42:54.672Z] [runtime-status] [19112] firebase-functions has been stubbed. {"functionsResolution":{"declared":true,"installed":true,"version":"3.14.1","resolution":"C:\\Users\\nhanf\\Desktop\\React Projects\\greenout\\functions\\node_modules\\firebase-functions\\lib\\index.js"}} {"metadata":{"emulator":{"name":"functions"},"message":"[runtime-status] [19112] firebase-functions has been stubbed. {\"functionsResolution\":{\"declared\":true,\"installed\":true,\"version\":\"3.14.1\",\"resolution\":\"C:\\\\Users\\\\nhanf\\\\Desktop\\\\React Projects\\\\greenout\\\\functions\\\\node_modules\\\\firebase-functions\\\\lib\\\\index.js\"}}"}}
[debug] [2021-08-05T19:42:54.672Z] [runtime-status] [19112] Resolved module firebase-functions {"declared":true,"installed":true,"version":"3.14.1","resolution":"C:\\Users\\nhanf\\Desktop\\React Projects\\greenout\\functions\\node_modules\\firebase-functions\\lib\\index.js"} {"metadata":{"emulator":{"name":"functions"},"message":"[runtime-status] [19112] Resolved module firebase-functions {\"declared\":true,\"installed\":true,\"version\":\"3.14.1\",\"resolution\":\"C:\\\\Users\\\\nhanf\\\\Desktop\\\\React Projects\\\\greenout\\\\functions\\\\node_modules\\\\firebase-functions\\\\lib\\\\index.js\"}"}}
[debug] [2021-08-05T19:42:54.672Z] [runtime-status] [19112] Resolved module firebase-admin {"declared":true,"installed":true,"version":"9.11.0","resolution":"C:\\Users\\nhanf\\Desktop\\React Projects\\greenout\\functions\\node_modules\\firebase-admin\\lib\\index.js"} {"metadata":{"emulator":{"name":"functions"},"message":"[runtime-status] [19112] Resolved module firebase-admin {\"declared\":true,\"installed\":true,\"version\":\"9.11.0\",\"resolution\":\"C:\\\\Users\\\\nhanf\\\\Desktop\\\\React Projects\\\\greenout\\\\functions\\\\node_modules\\\\firebase-admin\\\\lib\\\\index.js\"}"}}
[debug] [2021-08-05T19:42:54.672Z] [runtime-status] [19112] Resolved module firebase-functions {"declared":true,"installed":true,"version":"3.14.1","resolution":"C:\\Users\\nhanf\\Desktop\\React Projects\\greenout\\functions\\node_modules\\firebase-functions\\lib\\index.js"} {"metadata":{"emulator":{"name":"functions"},"message":"[runtime-status] [19112] Resolved module firebase-functions {\"declared\":true,\"installed\":true,\"version\":\"3.14.1\",\"resolution\":\"C:\\\\Users\\\\nhanf\\\\Desktop\\\\React Projects\\\\greenout\\\\functions\\\\node_modules\\\\firebase-functions\\\\lib\\\\index.js\"}"}}
[debug] [2021-08-05T19:42:54.672Z] [runtime-status] [19112] firebase-admin has been stubbed. {"adminResolution":{"declared":true,"installed":true,"version":"9.11.0","resolution":"C:\\Users\\nhanf\\Desktop\\React Projects\\greenout\\functions\\node_modules\\firebase-admin\\lib\\index.js"}} {"metadata":{"emulator":{"name":"functions"},"message":"[runtime-status] [19112] firebase-admin has been stubbed. {\"adminResolution\":{\"declared\":true,\"installed\":true,\"version\":\"9.11.0\",\"resolution\":\"C:\\\\Users\\\\nhanf\\\\Desktop\\\\React Projects\\\\greenout\\\\functions\\\\node_modules\\\\firebase-admin\\\\lib\\\\index.js\"}}"}}
[info] +  functions[us-central1-api]: http function initialized (http://localhost:5001/greenout-641e7/us-central1/api). {"metadata":{"emulator":{"name":"functions"},"message":"\u001b[1mhttp\u001b[22m function initialized (http://localhost:5001/greenout-641e7/us-central1/api)."}}
[info] 
┌─────────────────────────────────────────────────────────────┐
│ ✔  All emulators ready! It is now safe to connect your app. │
│ i  View Emulator UI at http://localhost:4000                │
└─────────────────────────────────────────────────────────────┘

┌───────────┬────────────────┬─────────────────────────────────┐
│ Emulator  │ Host:Port      │ View in Emulator UI             │
├───────────┼────────────────┼─────────────────────────────────┤
│ Functions │ localhost:5001 │ http://localhost:4000/functions │
└───────────┴────────────────┴─────────────────────────────────┘
  Emulator Hub running at localhost:4400
  Other reserved ports: 4500

Issues? Report them at https://github.com/firebase/firebase-tools/issues and attach the *-debug.log files.
 
[debug] [2021-08-05T19:43:10.142Z] [worker-~diagnostic~-cb88f7aa-a711-4574-8110-4c26111c2a77]: IDLE {"metadata":{"emulator":{"name":"functions"},"message":"[worker-~diagnostic~-cb88f7aa-a711-4574-8110-4c26111c2a77]: IDLE"}}
[debug] [2021-08-05T21:36:03.930Z] [work-queue] {"queueLength":1,"workRunningCount":0}
[debug] [2021-08-05T21:36:03.973Z] [work-queue] {"queueLength":0,"workRunningCount":1}
[debug] [2021-08-05T21:36:03.977Z] Accepted request POST /greenout-641e7/us-central1/api/payments/create?total=0 --> us-central1-api
[debug] [2021-08-05T21:36:04.160Z] [worker-pool] addWorker(us-central1-api) {"metadata":{"emulator":{"name":"functions"},"message":"[worker-pool] addWorker(us-central1-api)"}}
[debug] [2021-08-05T21:36:04.161Z] [worker-pool] Adding worker with key us-central1-api, total=1 {"metadata":{"emulator":{"name":"functions"},"message":"[worker-pool] Adding worker with key us-central1-api, total=1"}}
[debug] [2021-08-05T21:36:04.162Z] [worker-pool] submitWork(triggerId=us-central1-api) {"metadata":{"emulator":{"name":"functions"},"message":"[worker-pool] submitWork(triggerId=us-central1-api)"}}
[debug] [2021-08-05T21:36:04.162Z] [worker-us-central1-api-eaff2730-9308-41af-8301-cc07baa96aa6]: Assigning socketPath: \\?\pipe\C:\Users\nhanf\Desktop\React Projects\greenout\functions\17116 {"metadata":{"emulator":{"name":"functions"},"message":"[worker-us-central1-api-eaff2730-9308-41af-8301-cc07baa96aa6]: Assigning socketPath: \\\\?\\pipe\\C:\\Users\\nhanf\\Desktop\\React Projects\\greenout\\functions\\17116"}}
[debug] [2021-08-05T21:36:04.170Z] [worker-us-central1-api-eaff2730-9308-41af-8301-cc07baa96aa6]: BUSY {"metadata":{"emulator":{"name":"functions"},"message":"[worker-us-central1-api-eaff2730-9308-41af-8301-cc07baa96aa6]: BUSY"}}
[debug] [2021-08-05T21:36:05.823Z] [runtime-status] [17116] Functions runtime initialized. {"cwd":"C:\\Users\\nhanf\\Desktop\\React Projects\\greenout\\functions","node_version":"12.16.3"} {"metadata":{"emulator":{"name":"functions"},"function":{"name":"us-central1-api"},"message":"[runtime-status] [17116] Functions runtime initialized. {\"cwd\":\"C:\\\\Users\\\\nhanf\\\\Desktop\\\\React Projects\\\\greenout\\\\functions\",\"node_version\":\"12.16.3\"}"}}
[debug] [2021-08-05T21:36:05.825Z] [runtime-status] [17116] Disabled runtime features: undefined {"metadata":{"emulator":{"name":"functions"},"function":{"name":"us-central1-api"},"message":"[runtime-status] [17116] Disabled runtime features: undefined"}}
[debug] [2021-08-05T21:36:05.885Z] [runtime-status] [17116] Resolved module firebase-admin {"declared":true,"installed":true,"version":"9.11.0","resolution":"C:\\Users\\nhanf\\Desktop\\React Projects\\greenout\\functions\\node_modules\\firebase-admin\\lib\\index.js"} {"metadata":{"emulator":{"name":"functions"},"function":{"name":"us-central1-api"},"message":"[runtime-status] [17116] Resolved module firebase-admin {\"declared\":true,\"installed\":true,\"version\":\"9.11.0\",\"resolution\":\"C:\\\\Users\\\\nhanf\\\\Desktop\\\\React Projects\\\\greenout\\\\functions\\\\node_modules\\\\firebase-admin\\\\lib\\\\index.js\"}"}}
[debug] [2021-08-05T21:36:05.901Z] [runtime-status] [17116] Resolved module firebase-functions {"declared":true,"installed":true,"version":"3.14.1","resolution":"C:\\Users\\nhanf\\Desktop\\React Projects\\greenout\\functions\\node_modules\\firebase-functions\\lib\\index.js"} {"metadata":{"emulator":{"name":"functions"},"function":{"name":"us-central1-api"},"message":"[runtime-status] [17116] Resolved module firebase-functions {\"declared\":true,\"installed\":true,\"version\":\"3.14.1\",\"resolution\":\"C:\\\\Users\\\\nhanf\\\\Desktop\\\\React Projects\\\\greenout\\\\functions\\\\node_modules\\\\firebase-functions\\\\lib\\\\index.js\"}"}}
[debug] [2021-08-05T21:36:05.903Z] [runtime-status] [17116] Resolved module firebase-functions {"declared":true,"installed":true,"version":"3.14.1","resolution":"C:\\Users\\nhanf\\Desktop\\React Projects\\greenout\\functions\\node_modules\\firebase-functions\\lib\\index.js"} {"metadata":{"emulator":{"name":"functions"},"function":{"name":"us-central1-api"},"message":"[runtime-status] [17116] Resolved module firebase-functions {\"declared\":true,\"installed\":true,\"version\":\"3.14.1\",\"resolution\":\"C:\\\\Users\\\\nhanf\\\\Desktop\\\\React Projects\\\\greenout\\\\functions\\\\node_modules\\\\firebase-functions\\\\lib\\\\index.js\"}"}}
[debug] [2021-08-05T21:36:05.908Z] [runtime-status] [17116] Outgoing network have been stubbed. [{"name":"http","status":"mocked"},{"name":"http","status":"mocked"},{"name":"https","status":"mocked"},{"name":"https","status":"mocked"},{"name":"net","status":"mocked"}] {"metadata":{"emulator":{"name":"functions"},"function":{"name":"us-central1-api"},"message":"[runtime-status] [17116] Outgoing network have been stubbed. [{\"name\":\"http\",\"status\":\"mocked\"},{\"name\":\"http\",\"status\":\"mocked\"},{\"name\":\"https\",\"status\":\"mocked\"},{\"name\":\"https\",\"status\":\"mocked\"},{\"name\":\"net\",\"status\":\"mocked\"}]"}}
[debug] [2021-08-05T21:36:05.909Z] [runtime-status] [17116] Resolved module firebase-functions {"declared":true,"installed":true,"version":"3.14.1","resolution":"C:\\Users\\nhanf\\Desktop\\React Projects\\greenout\\functions\\node_modules\\firebase-functions\\lib\\index.js"} {"metadata":{"emulator":{"name":"functions"},"function":{"name":"us-central1-api"},"message":"[runtime-status] [17116] Resolved module firebase-functions {\"declared\":true,\"installed\":true,\"version\":\"3.14.1\",\"resolution\":\"C:\\\\Users\\\\nhanf\\\\Desktop\\\\React Projects\\\\greenout\\\\functions\\\\node_modules\\\\firebase-functions\\\\lib\\\\index.js\"}"}}
[debug] [2021-08-05T21:36:06.334Z] [runtime-status] [17116] Checked functions.config() {"config":{}} {"metadata":{"emulator":{"name":"functions"},"function":{"name":"us-central1-api"},"message":"[runtime-status] [17116] Checked functions.config() {\"config\":{}}"}}
[debug] [2021-08-05T21:36:06.335Z] [runtime-status] [17116] firebase-functions has been stubbed. {"functionsResolution":{"declared":true,"installed":true,"version":"3.14.1","resolution":"C:\\Users\\nhanf\\Desktop\\React Projects\\greenout\\functions\\node_modules\\firebase-functions\\lib\\index.js"}} {"metadata":{"emulator":{"name":"functions"},"function":{"name":"us-central1-api"},"message":"[runtime-status] [17116] firebase-functions has been stubbed. {\"functionsResolution\":{\"declared\":true,\"installed\":true,\"version\":\"3.14.1\",\"resolution\":\"C:\\\\Users\\\\nhanf\\\\Desktop\\\\React Projects\\\\greenout\\\\functions\\\\node_modules\\\\firebase-functions\\\\lib\\\\index.js\"}}"}}
[debug] [2021-08-05T21:36:06.336Z] [runtime-status] [17116] Resolved module firebase-functions {"declared":true,"installed":true,"version":"3.14.1","resolution":"C:\\Users\\nhanf\\Desktop\\React Projects\\greenout\\functions\\node_modules\\firebase-functions\\lib\\index.js"} {"metadata":{"emulator":{"name":"functions"},"function":{"name":"us-central1-api"},"message":"[runtime-status] [17116] Resolved module firebase-functions {\"declared\":true,\"installed\":true,\"version\":\"3.14.1\",\"resolution\":\"C:\\\\Users\\\\nhanf\\\\Desktop\\\\React Projects\\\\greenout\\\\functions\\\\node_modules\\\\firebase-functions\\\\lib\\\\index.js\"}"}}
[debug] [2021-08-05T21:36:06.341Z] [runtime-status] [17116] Resolved module firebase-admin {"declared":true,"installed":true,"version":"9.11.0","resolution":"C:\\Users\\nhanf\\Desktop\\React Projects\\greenout\\functions\\node_modules\\firebase-admin\\lib\\index.js"} {"metadata":{"emulator":{"name":"functions"},"function":{"name":"us-central1-api"},"message":"[runtime-status] [17116] Resolved module firebase-admin {\"declared\":true,\"installed\":true,\"version\":\"9.11.0\",\"resolution\":\"C:\\\\Users\\\\nhanf\\\\Desktop\\\\React Projects\\\\greenout\\\\functions\\\\node_modules\\\\firebase-admin\\\\lib\\\\index.js\"}"}}
[debug] [2021-08-05T21:36:06.343Z] [runtime-status] [17116] Resolved module firebase-functions {"declared":true,"installed":true,"version":"3.14.1","resolution":"C:\\Users\\nhanf\\Desktop\\React Projects\\greenout\\functions\\node_modules\\firebase-functions\\lib\\index.js"} {"metadata":{"emulator":{"name":"functions"},"function":{"name":"us-central1-api"},"message":"[runtime-status] [17116] Resolved module firebase-functions {\"declared\":true,\"installed\":true,\"version\":\"3.14.1\",\"resolution\":\"C:\\\\Users\\\\nhanf\\\\Desktop\\\\React Projects\\\\greenout\\\\functions\\\\node_modules\\\\firebase-functions\\\\lib\\\\index.js\"}"}}
[debug] [2021-08-05T21:36:06.343Z] [runtime-status] [17116] firebase-admin has been stubbed. {"adminResolution":{"declared":true,"installed":true,"version":"9.11.0","resolution":"C:\\Users\\nhanf\\Desktop\\React Projects\\greenout\\functions\\node_modules\\firebase-admin\\lib\\index.js"}} {"metadata":{"emulator":{"name":"functions"},"function":{"name":"us-central1-api"},"message":"[runtime-status] [17116] firebase-admin has been stubbed. {\"adminResolution\":{\"declared\":true,\"installed\":true,\"version\":\"9.11.0\",\"resolution\":\"C:\\\\Users\\\\nhanf\\\\Desktop\\\\React Projects\\\\greenout\\\\functions\\\\node_modules\\\\firebase-admin\\\\lib\\\\index.js\"}}"}}
[debug] [2021-08-05T21:36:07.681Z] [runtime-status] [17116] Trigger "us-central1-api" has been found, beginning invocation! {"metadata":{"emulator":{"name":"functions"},"function":{"name":"us-central1-api"},"message":"[runtime-status] [17116] Trigger \"us-central1-api\" has been found, beginning invocation!"}}
[info] i  functions: Beginning execution of "us-central1-api" {"metadata":{"emulator":{"name":"functions"},"function":{"name":"us-central1-api"},"message":"Beginning execution of \"us-central1-api\""}}
[debug] [2021-08-05T21:36:07.699Z] [runtime-status] [17116] triggerDefinition {"httpsTrigger":{},"name":"api","entryPoint":"api","regions":["us-central1"],"region":"us-central1","id":"us-central1-api"} {"metadata":{"emulator":{"name":"functions"},"function":{"name":"us-central1-api"},"message":"[runtime-status] [17116] triggerDefinition {\"httpsTrigger\":{},\"name\":\"api\",\"entryPoint\":\"api\",\"regions\":[\"us-central1\"],\"region\":\"us-central1\",\"id\":\"us-central1-api\"}"}}
[debug] [2021-08-05T21:36:07.700Z] [runtime-status] [17116] Running us-central1-api in mode HTTPS {"metadata":{"emulator":{"name":"functions"},"function":{"name":"us-central1-api"},"message":"[runtime-status] [17116] Running us-central1-api in mode HTTPS"}}
[debug] [2021-08-05T21:36:07.701Z] [runtime-status] [17116] Attempting to listen to socketPath: \\?\pipe\C:\Users\nhanf\Desktop\React Projects\greenout\functions\17116 {"metadata":{"emulator":{"name":"functions"},"function":{"name":"us-central1-api"},"message":"[runtime-status] [17116] Attempting to listen to socketPath: \\\\?\\pipe\\C:\\Users\\nhanf\\Desktop\\React Projects\\greenout\\functions\\17116"}}
[debug] [2021-08-05T21:36:07.720Z] [functions] Runtime ready! Sending request! {"metadata":{"emulator":{"name":"functions"},"message":"[functions] Runtime ready! Sending request!"}}
[debug] [2021-08-05T21:36:07.750Z] [functions] Got req.url=/greenout-641e7/us-central1/api/payments/create?total=0, mapping to path=/payments/create?total=0 {"metadata":{"emulator":{"name":"functions"},"message":"[functions] Got req.url=/greenout-641e7/us-central1/api/payments/create?total=0, mapping to path=/payments/create?total=0"}}
[debug] [2021-08-05T21:36:07.777Z] [runtime-status] [17116] Ephemeral server handling POST request {"metadata":{"emulator":{"name":"functions"},"function":{"name":"us-central1-api"},"message":"[runtime-status] [17116] Ephemeral server handling POST request"}}
[info] >  Payment Request Received for this amount >>> 0 {"user":"Payment Request Received for this amount >>> 0","metadata":{"emulator":{"name":"functions"},"function":{"name":"us-central1-api"},"message":"\u001b[90m> \u001b[39m Payment Request Received for this amount >>> 0"}}
[debug] [2021-08-05T21:36:07.848Z] [runtime-status] [17116] Ephemeral server survived. {"metadata":{"emulator":{"name":"functions"},"function":{"name":"us-central1-api"},"message":"[runtime-status] [17116] Ephemeral server survived."}}
[info] >  (node:17116) UnhandledPromiseRejectionWarning: Error: This value must be greater than or equal to 1. {"user":"(node:17116) UnhandledPromiseRejectionWarning: Error: This value must be greater than or equal to 1.","metadata":{"emulator":{"name":"functions"},"function":{"name":"us-central1-api"},"message":"\u001b[90m> \u001b[39m (node:17116) UnhandledPromiseRejectionWarning: Error: This value must be greater than or equal to 1."}}
[info] >      at Function.generate (C:\Users\nhanf\Desktop\React Projects\greenout\functions\node_modules\stripe\lib\Error.js:40:16) {"user":"    at Function.generate (C:\\Users\\nhanf\\Desktop\\React Projects\\greenout\\functions\\node_modules\\stripe\\lib\\Error.js:40:16)","metadata":{"emulator":{"name":"functions"},"function":{"name":"us-central1-api"},"message":"\u001b[90m> \u001b[39m     at Function.generate (C:\\Users\\nhanf\\Desktop\\React Projects\\greenout\\functions\\node_modules\\stripe\\lib\\Error.js:40:16)"}}
[info] >      at IncomingMessage.<anonymous> (C:\Users\nhanf\Desktop\React Projects\greenout\functions\node_modules\stripe\lib\StripeResource.js:203:33) {"user":"    at IncomingMessage.<anonymous> (C:\\Users\\nhanf\\Desktop\\React Projects\\greenout\\functions\\node_modules\\stripe\\lib\\StripeResource.js:203:33)","metadata":{"emulator":{"name":"functions"},"function":{"name":"us-central1-api"},"message":"\u001b[90m> \u001b[39m     at IncomingMessage.<anonymous> (C:\\Users\\nhanf\\Desktop\\React Projects\\greenout\\functions\\node_modules\\stripe\\lib\\StripeResource.js:203:33)"}}
[info] >      at Object.onceWrapper (events.js:416:28) {"user":"    at Object.onceWrapper (events.js:416:28)","metadata":{"emulator":{"name":"functions"},"function":{"name":"us-central1-api"},"message":"\u001b[90m> \u001b[39m     at Object.onceWrapper (events.js:416:28)"}}
[info] >      at IncomingMessage.emit (events.js:322:22) {"user":"    at IncomingMessage.emit (events.js:322:22)","metadata":{"emulator":{"name":"functions"},"function":{"name":"us-central1-api"},"message":"\u001b[90m> \u001b[39m     at IncomingMessage.emit (events.js:322:22)"}}
[info] >      at endReadableNT (_stream_readable.js:1187:12) {"user":"    at endReadableNT (_stream_readable.js:1187:12)","metadata":{"emulator":{"name":"functions"},"function":{"name":"us-central1-api"},"message":"\u001b[90m> \u001b[39m     at endReadableNT (_stream_readable.js:1187:12)"}}
[info] >      at processTicksAndRejections (internal/process/task_queues.js:84:21) {"user":"    at processTicksAndRejections (internal/process/task_queues.js:84:21)","metadata":{"emulator":{"name":"functions"},"function":{"name":"us-central1-api"},"message":"\u001b[90m> \u001b[39m     at processTicksAndRejections (internal/process/task_queues.js:84:21)"}}
[info] >  (node:17116) UnhandledPromiseRejectionWarning: Unhandled promise rejection. This error originated either by throwing inside of an async function without a catch block, or by rejecting a promise which was not handled with .catch(). To terminate the node process on unhandled promise rejection, use the CLI flag `--unhandled-rejections=strict` (see https://nodejs.org/api/cli.html#cli_unhandled_rejections_mode). (rejection id: 1) {"user":"(node:17116) UnhandledPromiseRejectionWarning: Unhandled promise rejection. This error originated either by throwing inside of an async function without a catch block, or by rejecting a promise which was not handled with .catch(). To terminate the node process on unhandled promise rejection, use the CLI flag `--unhandled-rejections=strict` (see https://nodejs.org/api/cli.html#cli_unhandled_rejections_mode). (rejection id: 1)","metadata":{"emulator":{"name":"functions"},"function":{"name":"us-central1-api"},"message":"\u001b[90m> \u001b[39m (node:17116) UnhandledPromiseRejectionWarning: Unhandled promise rejection. This error originated either by throwing inside of an async function without a catch block, or by rejecting a promise which was not handled with .catch(). To terminate the node process on unhandled promise rejection, use the CLI flag `--unhandled-rejections=strict` (see https://nodejs.org/api/cli.html#cli_unhandled_rejections_mode). (rejection id: 1)"}}
[info] >  (node:17116) [DEP0018] DeprecationWarning: Unhandled promise rejections are deprecated. In the future, promise rejections that are not handled will terminate the Node.js process with a non-zero exit code. {"user":"(node:17116) [DEP0018] DeprecationWarning: Unhandled promise rejections are deprecated. In the future, promise rejections that are not handled will terminate the Node.js process with a non-zero exit code.","metadata":{"emulator":{"name":"functions"},"function":{"name":"us-central1-api"},"message":"\u001b[90m> \u001b[39m (node:17116) [DEP0018] DeprecationWarning: Unhandled promise rejections are deprecated. In the future, promise rejections that are not handled will terminate the Node.js process with a non-zero exit code."}}
[warn] !  functions: Your function timed out after ~60s. To configure this timeout, see
      https://firebase.google.com/docs/functions/manage-functions#set_timeout_and_memory_allocation. {"metadata":{"emulator":{"name":"functions"},"function":{"name":"us-central1-api"},"message":"Your function timed out after ~60s. To configure this timeout, see\n      https://firebase.google.com/docs/functions/manage-functions#set_timeout_and_memory_allocation."}}
[info] >  E:\ReactJs\node_modules\firebase-tools\lib\emulator\functionsEmulatorRuntime.js:651 {"user":"E:\\ReactJs\\node_modules\\firebase-tools\\lib\\emulator\\functionsEmulatorRuntime.js:651\r","metadata":{"emulator":{"name":"functions"},"function":{"name":"us-central1-api"},"message":"\u001b[90m> \u001b[39m E:\\ReactJs\\node_modules\\firebase-tools\\lib\\emulator\\functionsEmulatorRuntime.js:651\r"}}
[info] >              throw new Error("Function timed out."); {"user":"            throw new Error(\"Function timed out.\");\r","metadata":{"emulator":{"name":"functions"},"function":{"name":"us-central1-api"},"message":"\u001b[90m> \u001b[39m             throw new Error(\"Function timed out.\");\r"}}
[info] >              ^ {"user":"            ^\r","metadata":{"emulator":{"name":"functions"},"function":{"name":"us-central1-api"},"message":"\u001b[90m> \u001b[39m             ^\r"}}
[info] >   {"user":"\r","metadata":{"emulator":{"name":"functions"},"function":{"name":"us-central1-api"},"message":"\u001b[90m> \u001b[39m \r"}}
[info] >  Error: Function timed out. {"user":"Error: Function timed out.\r","metadata":{"emulator":{"name":"functions"},"function":{"name":"us-central1-api"},"message":"\u001b[90m> \u001b[39m Error: Function timed out.\r"}}
[info] >      at Timeout._onTimeout (E:\ReactJs\node_modules\firebase-tools\lib\emulator\functionsEmulatorRuntime.js:651:19) {"user":"    at Timeout._onTimeout (E:\\ReactJs\\node_modules\\firebase-tools\\lib\\emulator\\functionsEmulatorRuntime.js:651:19)\r","metadata":{"emulator":{"name":"functions"},"function":{"name":"us-central1-api"},"message":"\u001b[90m> \u001b[39m     at Timeout._onTimeout (E:\\ReactJs\\node_modules\\firebase-tools\\lib\\emulator\\functionsEmulatorRuntime.js:651:19)\r"}}
[info] >      at listOnTimeout (internal/timers.js:549:17) {"user":"    at listOnTimeout (internal/timers.js:549:17)\r","metadata":{"emulator":{"name":"functions"},"function":{"name":"us-central1-api"},"message":"\u001b[90m> \u001b[39m     at listOnTimeout (internal/timers.js:549:17)\r"}}
[info] >      at processTimers (internal/timers.js:492:7) {"user":"    at processTimers (internal/timers.js:492:7)\r","metadata":{"emulator":{"name":"functions"},"function":{"name":"us-central1-api"},"message":"\u001b[90m> \u001b[39m     at processTimers (internal/timers.js:492:7)\r"}}
[debug] [2021-08-05T21:37:07.819Z] [worker-us-central1-api-eaff2730-9308-41af-8301-cc07baa96aa6]: exited {"metadata":{"emulator":{"name":"functions"},"message":"[worker-us-central1-api-eaff2730-9308-41af-8301-cc07baa96aa6]: exited"}}
[debug] [2021-08-05T21:37:07.820Z] [worker-us-central1-api-eaff2730-9308-41af-8301-cc07baa96aa6]: FINISHED {"metadata":{"emulator":{"name":"functions"},"message":"[worker-us-central1-api-eaff2730-9308-41af-8301-cc07baa96aa6]: FINISHED"}}
[debug] [2021-08-05T21:37:07.820Z] [work-queue] {"queueLength":0,"workRunningCount":0}
[debug] [2021-08-06T08:42:54.151Z] [work-queue] {"queueLength":1,"workRunningCount":0}
[debug] [2021-08-06T08:42:54.154Z] [work-queue] {"queueLength":0,"workRunningCount":1}
[debug] [2021-08-06T08:42:54.154Z] Accepted request POST /greenout-641e7/us-central1/api/payments/create?total=26800 --> us-central1-api
[debug] [2021-08-06T08:42:54.155Z] [worker-pool] Cleaned up workers for us-central1-api: 1 --> 0 {"metadata":{"emulator":{"name":"functions"},"message":"[worker-pool] Cleaned up workers for us-central1-api: 1 --> 0"}}
[debug] [2021-08-06T08:42:57.434Z] [worker-pool] addWorker(us-central1-api) {"metadata":{"emulator":{"name":"functions"},"message":"[worker-pool] addWorker(us-central1-api)"}}
[debug] [2021-08-06T08:42:57.434Z] [worker-pool] Adding worker with key us-central1-api, total=1 {"metadata":{"emulator":{"name":"functions"},"message":"[worker-pool] Adding worker with key us-central1-api, total=1"}}
[debug] [2021-08-06T08:42:57.434Z] [worker-pool] submitWork(triggerId=us-central1-api) {"metadata":{"emulator":{"name":"functions"},"message":"[worker-pool] submitWork(triggerId=us-central1-api)"}}
[debug] [2021-08-06T08:42:57.434Z] [worker-us-central1-api-6091a9c4-94a9-4a97-adca-0d26e237e99a]: Assigning socketPath: \\?\pipe\C:\Users\nhanf\Desktop\React Projects\greenout\functions\19320 {"metadata":{"emulator":{"name":"functions"},"message":"[worker-us-central1-api-6091a9c4-94a9-4a97-adca-0d26e237e99a]: Assigning socketPath: \\\\?\\pipe\\C:\\Users\\nhanf\\Desktop\\React Projects\\greenout\\functions\\19320"}}
[debug] [2021-08-06T08:42:57.435Z] [worker-us-central1-api-6091a9c4-94a9-4a97-adca-0d26e237e99a]: BUSY {"metadata":{"emulator":{"name":"functions"},"message":"[worker-us-central1-api-6091a9c4-94a9-4a97-adca-0d26e237e99a]: BUSY"}}
[debug] [2021-08-06T08:43:10.450Z] [runtime-status] [19320] Functions runtime initialized. {"cwd":"C:\\Users\\nhanf\\Desktop\\React Projects\\greenout\\functions","node_version":"12.16.3"} {"metadata":{"emulator":{"name":"functions"},"function":{"name":"us-central1-api"},"message":"[runtime-status] [19320] Functions runtime initialized. {\"cwd\":\"C:\\\\Users\\\\nhanf\\\\Desktop\\\\React Projects\\\\greenout\\\\functions\",\"node_version\":\"12.16.3\"}"}}
[debug] [2021-08-06T08:43:10.452Z] [runtime-status] [19320] Disabled runtime features: undefined {"metadata":{"emulator":{"name":"functions"},"function":{"name":"us-central1-api"},"message":"[runtime-status] [19320] Disabled runtime features: undefined"}}
[debug] [2021-08-06T08:43:10.515Z] [runtime-status] [19320] Resolved module firebase-admin {"declared":true,"installed":true,"version":"9.11.0","resolution":"C:\\Users\\nhanf\\Desktop\\React Projects\\greenout\\functions\\node_modules\\firebase-admin\\lib\\index.js"} {"metadata":{"emulator":{"name":"functions"},"function":{"name":"us-central1-api"},"message":"[runtime-status] [19320] Resolved module firebase-admin {\"declared\":true,\"installed\":true,\"version\":\"9.11.0\",\"resolution\":\"C:\\\\Users\\\\nhanf\\\\Desktop\\\\React Projects\\\\greenout\\\\functions\\\\node_modules\\\\firebase-admin\\\\lib\\\\index.js\"}"}}
[debug] [2021-08-06T08:43:10.547Z] [runtime-status] [19320] Resolved module firebase-functions {"declared":true,"installed":true,"version":"3.14.1","resolution":"C:\\Users\\nhanf\\Desktop\\React Projects\\greenout\\functions\\node_modules\\firebase-functions\\lib\\index.js"} {"metadata":{"emulator":{"name":"functions"},"function":{"name":"us-central1-api"},"message":"[runtime-status] [19320] Resolved module firebase-functions {\"declared\":true,\"installed\":true,\"version\":\"3.14.1\",\"resolution\":\"C:\\\\Users\\\\nhanf\\\\Desktop\\\\React Projects\\\\greenout\\\\functions\\\\node_modules\\\\firebase-functions\\\\lib\\\\index.js\"}"}}
[debug] [2021-08-06T08:43:10.547Z] [runtime-status] [19320] Resolved module firebase-functions {"declared":true,"installed":true,"version":"3.14.1","resolution":"C:\\Users\\nhanf\\Desktop\\React Projects\\greenout\\functions\\node_modules\\firebase-functions\\lib\\index.js"} {"metadata":{"emulator":{"name":"functions"},"function":{"name":"us-central1-api"},"message":"[runtime-status] [19320] Resolved module firebase-functions {\"declared\":true,\"installed\":true,\"version\":\"3.14.1\",\"resolution\":\"C:\\\\Users\\\\nhanf\\\\Desktop\\\\React Projects\\\\greenout\\\\functions\\\\node_modules\\\\firebase-functions\\\\lib\\\\index.js\"}"}}
[debug] [2021-08-06T08:43:10.547Z] [runtime-status] [19320] Outgoing network have been stubbed. [{"name":"http","status":"mocked"},{"name":"http","status":"mocked"},{"name":"https","status":"mocked"},{"name":"https","status":"mocked"},{"name":"net","status":"mocked"}] {"metadata":{"emulator":{"name":"functions"},"function":{"name":"us-central1-api"},"message":"[runtime-status] [19320] Outgoing network have been stubbed. [{\"name\":\"http\",\"status\":\"mocked\"},{\"name\":\"http\",\"status\":\"mocked\"},{\"name\":\"https\",\"status\":\"mocked\"},{\"name\":\"https\",\"status\":\"mocked\"},{\"name\":\"net\",\"status\":\"mocked\"}]"}}
[debug] [2021-08-06T08:43:10.547Z] [runtime-status] [19320] Resolved module firebase-functions {"declared":true,"installed":true,"version":"3.14.1","resolution":"C:\\Users\\nhanf\\Desktop\\React Projects\\greenout\\functions\\node_modules\\firebase-functions\\lib\\index.js"} {"metadata":{"emulator":{"name":"functions"},"function":{"name":"us-central1-api"},"message":"[runtime-status] [19320] Resolved module firebase-functions {\"declared\":true,\"installed\":true,\"version\":\"3.14.1\",\"resolution\":\"C:\\\\Users\\\\nhanf\\\\Desktop\\\\React Projects\\\\greenout\\\\functions\\\\node_modules\\\\firebase-functions\\\\lib\\\\index.js\"}"}}
[debug] [2021-08-06T08:43:12.378Z] [runtime-status] [19320] Checked functions.config() {"config":{}} {"metadata":{"emulator":{"name":"functions"},"function":{"name":"us-central1-api"},"message":"[runtime-status] [19320] Checked functions.config() {\"config\":{}}"}}
[debug] [2021-08-06T08:43:12.378Z] [runtime-status] [19320] firebase-functions has been stubbed. {"functionsResolution":{"declared":true,"installed":true,"version":"3.14.1","resolution":"C:\\Users\\nhanf\\Desktop\\React Projects\\greenout\\functions\\node_modules\\firebase-functions\\lib\\index.js"}} {"metadata":{"emulator":{"name":"functions"},"function":{"name":"us-central1-api"},"message":"[runtime-status] [19320] firebase-functions has been stubbed. {\"functionsResolution\":{\"declared\":true,\"installed\":true,\"version\":\"3.14.1\",\"resolution\":\"C:\\\\Users\\\\nhanf\\\\Desktop\\\\React Projects\\\\greenout\\\\functions\\\\node_modules\\\\firebase-functions\\\\lib\\\\index.js\"}}"}}
[debug] [2021-08-06T08:43:12.378Z] [runtime-status] [19320] Resolved module firebase-functions {"declared":true,"installed":true,"version":"3.14.1","resolution":"C:\\Users\\nhanf\\Desktop\\React Projects\\greenout\\functions\\node_modules\\firebase-functions\\lib\\index.js"} {"metadata":{"emulator":{"name":"functions"},"function":{"name":"us-central1-api"},"message":"[runtime-status] [19320] Resolved module firebase-functions {\"declared\":true,\"installed\":true,\"version\":\"3.14.1\",\"resolution\":\"C:\\\\Users\\\\nhanf\\\\Desktop\\\\React Projects\\\\greenout\\\\functions\\\\node_modules\\\\firebase-functions\\\\lib\\\\index.js\"}"}}
[debug] [2021-08-06T08:43:12.378Z] [runtime-status] [19320] Resolved module firebase-admin {"declared":true,"installed":true,"version":"9.11.0","resolution":"C:\\Users\\nhanf\\Desktop\\React Projects\\greenout\\functions\\node_modules\\firebase-admin\\lib\\index.js"} {"metadata":{"emulator":{"name":"functions"},"function":{"name":"us-central1-api"},"message":"[runtime-status] [19320] Resolved module firebase-admin {\"declared\":true,\"installed\":true,\"version\":\"9.11.0\",\"resolution\":\"C:\\\\Users\\\\nhanf\\\\Desktop\\\\React Projects\\\\greenout\\\\functions\\\\node_modules\\\\firebase-admin\\\\lib\\\\index.js\"}"}}
[debug] [2021-08-06T08:43:12.378Z] [runtime-status] [19320] Resolved module firebase-functions {"declared":true,"installed":true,"version":"3.14.1","resolution":"C:\\Users\\nhanf\\Desktop\\React Projects\\greenout\\functions\\node_modules\\firebase-functions\\lib\\index.js"} {"metadata":{"emulator":{"name":"functions"},"function":{"name":"us-central1-api"},"message":"[runtime-status] [19320] Resolved module firebase-functions {\"declared\":true,\"installed\":true,\"version\":\"3.14.1\",\"resolution\":\"C:\\\\Users\\\\nhanf\\\\Desktop\\\\React Projects\\\\greenout\\\\functions\\\\node_modules\\\\firebase-functions\\\\lib\\\\index.js\"}"}}
[debug] [2021-08-06T08:43:12.378Z] [runtime-status] [19320] firebase-admin has been stubbed. {"adminResolution":{"declared":true,"installed":true,"version":"9.11.0","resolution":"C:\\Users\\nhanf\\Desktop\\React Projects\\greenout\\functions\\node_modules\\firebase-admin\\lib\\index.js"}} {"metadata":{"emulator":{"name":"functions"},"function":{"name":"us-central1-api"},"message":"[runtime-status] [19320] firebase-admin has been stubbed. {\"adminResolution\":{\"declared\":true,\"installed\":true,\"version\":\"9.11.0\",\"resolution\":\"C:\\\\Users\\\\nhanf\\\\Desktop\\\\React Projects\\\\greenout\\\\functions\\\\node_modules\\\\firebase-admin\\\\lib\\\\index.js\"}}"}}
[debug] [2021-08-06T08:43:17.459Z] [runtime-status] [19320] Trigger "us-central1-api" has been found, beginning invocation! {"metadata":{"emulator":{"name":"functions"},"function":{"name":"us-central1-api"},"message":"[runtime-status] [19320] Trigger \"us-central1-api\" has been found, beginning invocation!"}}
[info] i  functions: Beginning execution of "us-central1-api" {"metadata":{"emulator":{"name":"functions"},"function":{"name":"us-central1-api"},"message":"Beginning execution of \"us-central1-api\""}}
[debug] [2021-08-06T08:43:17.474Z] [runtime-status] [19320] triggerDefinition {"httpsTrigger":{},"name":"api","entryPoint":"api","regions":["us-central1"],"region":"us-central1","id":"us-central1-api"} {"metadata":{"emulator":{"name":"functions"},"function":{"name":"us-central1-api"},"message":"[runtime-status] [19320] triggerDefinition {\"httpsTrigger\":{},\"name\":\"api\",\"entryPoint\":\"api\",\"regions\":[\"us-central1\"],\"region\":\"us-central1\",\"id\":\"us-central1-api\"}"}}
[debug] [2021-08-06T08:43:17.474Z] [runtime-status] [19320] Running us-central1-api in mode HTTPS {"metadata":{"emulator":{"name":"functions"},"function":{"name":"us-central1-api"},"message":"[runtime-status] [19320] Running us-central1-api in mode HTTPS"}}
[debug] [2021-08-06T08:43:17.474Z] [runtime-status] [19320] Attempting to listen to socketPath: \\?\pipe\C:\Users\nhanf\Desktop\React Projects\greenout\functions\19320 {"metadata":{"emulator":{"name":"functions"},"function":{"name":"us-central1-api"},"message":"[runtime-status] [19320] Attempting to listen to socketPath: \\\\?\\pipe\\C:\\Users\\nhanf\\Desktop\\React Projects\\greenout\\functions\\19320"}}
[debug] [2021-08-06T08:43:17.518Z] [functions] Runtime ready! Sending request! {"metadata":{"emulator":{"name":"functions"},"message":"[functions] Runtime ready! Sending request!"}}
[debug] [2021-08-06T08:43:17.518Z] [functions] Got req.url=/greenout-641e7/us-central1/api/payments/create?total=26800, mapping to path=/payments/create?total=26800 {"metadata":{"emulator":{"name":"functions"},"message":"[functions] Got req.url=/greenout-641e7/us-central1/api/payments/create?total=26800, mapping to path=/payments/create?total=26800"}}
[debug] [2021-08-06T08:43:17.529Z] [runtime-status] [19320] Ephemeral server handling POST request {"metadata":{"emulator":{"name":"functions"},"function":{"name":"us-central1-api"},"message":"[runtime-status] [19320] Ephemeral server handling POST request"}}
[info] >  Payment Request Received for this amount >>> 26800 {"user":"Payment Request Received for this amount >>> 26800","metadata":{"emulator":{"name":"functions"},"function":{"name":"us-central1-api"},"message":"\u001b[90m> \u001b[39m Payment Request Received for this amount >>> 26800"}}
[debug] [2021-08-06T08:43:17.579Z] [runtime-status] [19320] Ephemeral server survived. {"metadata":{"emulator":{"name":"functions"},"function":{"name":"us-central1-api"},"message":"[runtime-status] [19320] Ephemeral server survived."}}
[info] i  functions: Finished "us-central1-api" in ~1s {"metadata":{"emulator":{"name":"functions"},"function":{"name":"us-central1-api"},"message":"Finished \"us-central1-api\" in ~1s"}}
[debug] [2021-08-06T08:43:18.485Z] [worker-us-central1-api-6091a9c4-94a9-4a97-adca-0d26e237e99a]: IDLE {"metadata":{"emulator":{"name":"functions"},"message":"[worker-us-central1-api-6091a9c4-94a9-4a97-adca-0d26e237e99a]: IDLE"}}
[debug] [2021-08-06T08:43:18.485Z] [work-queue] {"queueLength":0,"workRunningCount":0}
